build/app/intermediates/manifest_merge_blame_file/debug/manifest-merger-blame-debug-report.txt
1<?xml version="1.0" encoding="utf-8"?>
2<manifest xmlns:android="http://schemas.android.com/apk/res/android"
3    package="com.example.classrooms_tkmce"
4    android:versionCode="1"
5    android:versionName="1.0.0" >
6
7    <uses-sdk
8        android:minSdkVersion="16"
9        android:targetSdkVersion="30" />
10    <!--
11         Flutter needs it to communicate with the running application
12         to allow setting breakpoints, to provide hot reload, etc.
13    -->
14    <uses-permission android:name="android.permission.INTERNET" />
14-->src\main\AndroidManifest.xml:12:4-65
14-->src\main\AndroidManifest.xml:12:21-63
15
16    <queries>
16-->src\main\AndroidManifest.xml:3:5-9:15
17
18        <!-- If your app opens https URLs -->
19        <intent>
19-->src\main\AndroidManifest.xml:5:9-8:18
20            <action android:name="android.intent.action.VIEW" />
20-->src\main\AndroidManifest.xml:6:13-65
20-->src\main\AndroidManifest.xml:6:21-62
21
22            <data android:scheme="https" />
22-->src\main\AndroidManifest.xml:7:13-44
22-->src\main\AndroidManifest.xml:7:19-41
23        </intent>
24    </queries>
25
26    <uses-permission android:name="android.permission.VIBRATE" />
26-->src\main\AndroidManifest.xml:10:4-64
26-->src\main\AndroidManifest.xml:10:21-62
27    <uses-permission android:name="android.permission.RECEIVE_BOOT_COMPLETED" />
27-->src\main\AndroidManifest.xml:11:4-79
27-->src\main\AndroidManifest.xml:11:21-77
28    <uses-permission android:name="android.permission.WAKE_LOCK" />
28-->[:firebase_messaging] AndroidManifest.xml:8:5-68
28-->[:firebase_messaging] AndroidManifest.xml:8:22-65
29    <uses-permission android:name="android.permission.ACCESS_NETWORK_STATE" /> <!-- Samsung Badge -->
29-->[:firebase_messaging] AndroidManifest.xml:9:5-79
29-->[:firebase_messaging] AndroidManifest.xml:9:22-76
30    <uses-permission android:name="com.sec.android.provider.badge.permission.READ" />
30-->[:awesome_notifications] AndroidManifest.xml:8:5-86
30-->[:awesome_notifications] AndroidManifest.xml:8:22-83
31    <uses-permission android:name="com.sec.android.provider.badge.permission.WRITE" /> <!-- Sony Badge -->
31-->[:awesome_notifications] AndroidManifest.xml:9:5-87
31-->[:awesome_notifications] AndroidManifest.xml:9:22-84
32    <uses-permission android:name="com.sonyericsson.home.permission.BROADCAST_BADGE" /> <!-- HTC Badge -->
32-->[:awesome_notifications] AndroidManifest.xml:12:5-88
32-->[:awesome_notifications] AndroidManifest.xml:12:22-85
33    <uses-permission android:name="com.htc.launcher.permission.READ_SETTINGS" />
33-->[:awesome_notifications] AndroidManifest.xml:15:5-81
33-->[:awesome_notifications] AndroidManifest.xml:15:22-78
34    <uses-permission android:name="com.htc.launcher.permission.UPDATE_SHORTCUT" /> <!-- Required by older versions of Google Play services to create IID tokens -->
34-->[:awesome_notifications] AndroidManifest.xml:16:5-83
34-->[:awesome_notifications] AndroidManifest.xml:16:22-80
35    <uses-permission android:name="com.google.android.c2dm.permission.RECEIVE" />
35-->[com.google.firebase:firebase-messaging:22.0.0] AndroidManifest.xml:25:5-82
35-->[com.google.firebase:firebase-messaging:22.0.0] AndroidManifest.xml:25:22-79
36    <uses-permission android:name="com.google.android.finsky.permission.BIND_GET_INSTALL_REFERRER_SERVICE" />
36-->[com.google.android.gms:play-services-measurement:19.0.0] AndroidManifest.xml:26:5-110
36-->[com.google.android.gms:play-services-measurement:19.0.0] AndroidManifest.xml:26:22-107
37
38    <application
38-->src\main\AndroidManifest.xml:13:4-51:19
39        android:name="androidx.multidex.MultiDexApplication"
40        android:appComponentFactory="androidx.core.app.CoreComponentFactory"
40-->[androidx.core:core:1.6.0] AndroidManifest.xml:24:18-86
41        android:debuggable="true"
42        android:icon="@mipmap/ic_launcher"
42-->src\main\AndroidManifest.xml:15:9-43
43        android:label="Classrooms" >
43-->src\main\AndroidManifest.xml:14:9-35
44        <activity
44-->src\main\AndroidManifest.xml:16:9-45:20
45            android:name="com.example.classrooms_tkmce.MainActivity"
45-->src\main\AndroidManifest.xml:17:13-41
46            android:configChanges="orientation|keyboardHidden|keyboard|screenSize|smallestScreenSize|locale|layoutDirection|fontScale|screenLayout|density|uiMode"
46-->src\main\AndroidManifest.xml:20:13-163
47            android:hardwareAccelerated="true"
47-->src\main\AndroidManifest.xml:21:13-47
48            android:launchMode="singleTop"
48-->src\main\AndroidManifest.xml:18:13-43
49            android:theme="@style/LaunchTheme"
49-->src\main\AndroidManifest.xml:19:13-47
50            android:windowSoftInputMode="adjustResize" >
50-->src\main\AndroidManifest.xml:22:13-55
51
52            <!--
53                 Specifies an Android theme to apply to this Activity as soon as
54                 the Android process has started. This theme is visible to the user
55                 while the Flutter UI initializes. After that, this theme continues
56                 to determine the Window background behind the Flutter UI.
57            -->
58            <meta-data
58-->src\main\AndroidManifest.xml:27:13-30:17
59                android:name="io.flutter.embedding.android.NormalTheme"
59-->src\main\AndroidManifest.xml:28:15-70
60                android:resource="@style/NormalTheme" />
60-->src\main\AndroidManifest.xml:29:15-52
61            <!--
62                 Displays an Android View that continues showing the launch screen
63                 Drawable until Flutter paints its first frame, then this splash
64                 screen fades out. A splash screen is useful to avoid any visual
65                 gap between the end of Android's launch screen and the painting of
66                 Flutter's first frame.
67            -->
68            <meta-data
68-->src\main\AndroidManifest.xml:36:13-39:17
69                android:name="io.flutter.embedding.android.SplashScreenDrawable"
69-->src\main\AndroidManifest.xml:37:15-79
70                android:resource="@drawable/launch_background" />
70-->src\main\AndroidManifest.xml:38:15-61
71
72            <intent-filter>
72-->src\main\AndroidManifest.xml:40:13-43:29
73                <action android:name="android.intent.action.MAIN" />
73-->src\main\AndroidManifest.xml:41:17-68
73-->src\main\AndroidManifest.xml:41:25-66
74
75                <category android:name="android.intent.category.LAUNCHER" />
75-->src\main\AndroidManifest.xml:42:17-76
75-->src\main\AndroidManifest.xml:42:27-74
76            </intent-filter>
77        </activity>
78        <!--
79             Don't delete the meta-data below.
80             This is used by the Flutter tool to generate GeneratedPluginRegistrant.java
81        -->
82        <meta-data
82-->src\main\AndroidManifest.xml:48:9-50:33
83            android:name="flutterEmbedding"
83-->src\main\AndroidManifest.xml:49:13-44
84            android:value="2" />
84-->src\main\AndroidManifest.xml:50:13-30
85
86        <service
86-->[:firebase_messaging] AndroidManifest.xml:12:9-15:72
87            android:name="io.flutter.plugins.firebase.messaging.FlutterFirebaseMessagingBackgroundService"
87-->[:firebase_messaging] AndroidManifest.xml:13:13-107
88            android:exported="false"
88-->[:firebase_messaging] AndroidManifest.xml:14:13-37
89            android:permission="android.permission.BIND_JOB_SERVICE" />
89-->[:firebase_messaging] AndroidManifest.xml:15:13-69
90        <service
90-->[:firebase_messaging] AndroidManifest.xml:16:9-22:19
91            android:name="io.flutter.plugins.firebase.messaging.FlutterFirebaseMessagingService"
91-->[:firebase_messaging] AndroidManifest.xml:17:13-97
92            android:exported="false" >
92-->[:firebase_messaging] AndroidManifest.xml:18:13-37
93            <intent-filter>
93-->[:firebase_messaging] AndroidManifest.xml:19:13-21:29
94                <action android:name="com.google.firebase.MESSAGING_EVENT" />
94-->[:firebase_messaging] AndroidManifest.xml:20:17-78
94-->[:firebase_messaging] AndroidManifest.xml:20:25-75
95            </intent-filter>
96        </service>
97
98        <receiver
98-->[:firebase_messaging] AndroidManifest.xml:24:9-31:20
99            android:name="io.flutter.plugins.firebase.messaging.FlutterFirebaseMessagingReceiver"
99-->[:firebase_messaging] AndroidManifest.xml:25:13-98
100            android:exported="true"
100-->[:firebase_messaging] AndroidManifest.xml:26:13-36
101            android:permission="com.google.android.c2dm.permission.SEND" >
101-->[:firebase_messaging] AndroidManifest.xml:27:13-73
102            <intent-filter>
102-->[:firebase_messaging] AndroidManifest.xml:28:13-30:29
103                <action android:name="com.google.android.c2dm.intent.RECEIVE" />
103-->[:firebase_messaging] AndroidManifest.xml:29:17-81
103-->[:firebase_messaging] AndroidManifest.xml:29:25-78
104            </intent-filter>
105        </receiver>
106
107        <service
107-->[:firebase_messaging] AndroidManifest.xml:33:9-37:19
108            android:name="com.google.firebase.components.ComponentDiscoveryService"
108-->[:firebase_messaging] AndroidManifest.xml:33:18-89
109            android:directBootAware="true"
109-->[com.google.firebase:firebase-common:20.0.0] AndroidManifest.xml:35:13-43
110            android:exported="false" >
110-->[com.google.firebase:firebase-messaging:22.0.0] AndroidManifest.xml:51:13-37
111            <meta-data
111-->[:firebase_messaging] AndroidManifest.xml:34:13-36:85
112                android:name="com.google.firebase.components:io.flutter.plugins.firebase.messaging.FlutterFirebaseAppRegistrar"
112-->[:firebase_messaging] AndroidManifest.xml:35:17-128
113                android:value="com.google.firebase.components.ComponentRegistrar" />
113-->[:firebase_messaging] AndroidManifest.xml:36:17-82
114            <meta-data
114-->[:firebase_auth] AndroidManifest.xml:9:13-11:85
115                android:name="com.google.firebase.components:io.flutter.plugins.firebase.auth.FlutterFirebaseAuthRegistrar"
115-->[:firebase_auth] AndroidManifest.xml:10:17-124
116                android:value="com.google.firebase.components.ComponentRegistrar" />
116-->[:firebase_auth] AndroidManifest.xml:11:17-82
117            <meta-data
117-->[:cloud_firestore] AndroidManifest.xml:9:13-11:85
118                android:name="com.google.firebase.components:io.flutter.plugins.firebase.firestore.FlutterFirebaseFirestoreRegistrar"
118-->[:cloud_firestore] AndroidManifest.xml:10:17-134
119                android:value="com.google.firebase.components.ComponentRegistrar" />
119-->[:cloud_firestore] AndroidManifest.xml:11:17-82
120            <meta-data
120-->[:firebase_core] AndroidManifest.xml:9:13-11:85
121                android:name="com.google.firebase.components:io.flutter.plugins.firebase.core.FlutterFirebaseCoreRegistrar"
121-->[:firebase_core] AndroidManifest.xml:10:17-124
122                android:value="com.google.firebase.components.ComponentRegistrar" />
122-->[:firebase_core] AndroidManifest.xml:11:17-82
123            <meta-data
123-->[com.google.firebase:firebase-messaging:22.0.0] AndroidManifest.xml:52:13-54:85
124                android:name="com.google.firebase.components:com.google.firebase.messaging.FirebaseMessagingRegistrar"
124-->[com.google.firebase:firebase-messaging:22.0.0] AndroidManifest.xml:53:17-119
125                android:value="com.google.firebase.components.ComponentRegistrar" />
125-->[com.google.firebase:firebase-messaging:22.0.0] AndroidManifest.xml:54:17-82
126            <meta-data
126-->[com.google.firebase:firebase-datatransport:18.0.0] AndroidManifest.xml:28:13-30:85
127                android:name="com.google.firebase.components:com.google.firebase.datatransport.TransportRegistrar"
127-->[com.google.firebase:firebase-datatransport:18.0.0] AndroidManifest.xml:29:17-115
128                android:value="com.google.firebase.components.ComponentRegistrar" />
128-->[com.google.firebase:firebase-datatransport:18.0.0] AndroidManifest.xml:30:17-82
129            <meta-data
129-->[com.google.firebase:firebase-auth:21.0.1] AndroidManifest.xml:77:13-79:85
130                android:name="com.google.firebase.components:com.google.firebase.auth.FirebaseAuthRegistrar"
130-->[com.google.firebase:firebase-auth:21.0.1] AndroidManifest.xml:78:17-109
131                android:value="com.google.firebase.components.ComponentRegistrar" />
131-->[com.google.firebase:firebase-auth:21.0.1] AndroidManifest.xml:79:17-82
132            <meta-data
132-->[com.google.firebase:firebase-firestore:23.0.1] AndroidManifest.xml:20:13-22:85
133                android:name="com.google.firebase.components:com.google.firebase.firestore.FirestoreRegistrar"
133-->[com.google.firebase:firebase-firestore:23.0.1] AndroidManifest.xml:21:17-111
134                android:value="com.google.firebase.components.ComponentRegistrar" />
134-->[com.google.firebase:firebase-firestore:23.0.1] AndroidManifest.xml:22:17-82
135            <meta-data
135-->[com.google.android.gms:play-services-measurement-api:19.0.0] AndroidManifest.xml:30:13-32:85
136                android:name="com.google.firebase.components:com.google.firebase.analytics.connector.internal.AnalyticsConnectorRegistrar"
136-->[com.google.android.gms:play-services-measurement-api:19.0.0] AndroidManifest.xml:31:17-139
137                android:value="com.google.firebase.components.ComponentRegistrar" />
137-->[com.google.android.gms:play-services-measurement-api:19.0.0] AndroidManifest.xml:32:17-82
138            <meta-data
138-->[com.google.firebase:firebase-installations:17.0.0] AndroidManifest.xml:18:13-20:85
139                android:name="com.google.firebase.components:com.google.firebase.installations.FirebaseInstallationsRegistrar"
139-->[com.google.firebase:firebase-installations:17.0.0] AndroidManifest.xml:19:17-127
140                android:value="com.google.firebase.components.ComponentRegistrar" />
140-->[com.google.firebase:firebase-installations:17.0.0] AndroidManifest.xml:20:17-82
141        </service>
142
143        <provider
143-->[:firebase_messaging] AndroidManifest.xml:39:9-43:38
144            android:name="io.flutter.plugins.firebase.messaging.FlutterFirebaseMessagingInitProvider"
144-->[:firebase_messaging] AndroidManifest.xml:40:13-102
145            android:authorities="com.example.classrooms_tkmce.flutterfirebasemessaginginitprovider"
145-->[:firebase_messaging] AndroidManifest.xml:41:13-88
146            android:exported="false"
146-->[:firebase_messaging] AndroidManifest.xml:42:13-37
147            android:initOrder="99" />
147-->[:firebase_messaging] AndroidManifest.xml:43:13-35
148        <!--
149        <service
150            android:name=".services.firebase.FCMService"
151            android:exported="false">
152            <intent-filter>
153                <action android:name="com.google.firebase.MESSAGING_EVENT"/>
154            </intent-filter>
155        </service>
156
157        <service
158            android:name=".services.AutoCancelService"
159            android:stopWithTask="true" />
160
161        <meta-data android:name="firebase_messaging_auto_init_enabled" android:value="true" />
162
163        <meta-data
164            android:name="com.google.firebase.messaging.default_notification_channel_id"
165            android:value="me.carda.awesome_notifications.firebase.background_channel"/>
166        -->
167        <receiver android:name="me.carda.awesome_notifications.notifications.broadcastReceivers.DismissedNotificationReceiver" />
167-->[:awesome_notifications] AndroidManifest.xml:41:9-130
167-->[:awesome_notifications] AndroidManifest.xml:41:19-127
168        <receiver android:name="me.carda.awesome_notifications.notifications.broadcastReceivers.ScheduledNotificationReceiver" />
168-->[:awesome_notifications] AndroidManifest.xml:42:9-130
168-->[:awesome_notifications] AndroidManifest.xml:42:19-127
169        <receiver android:name="me.carda.awesome_notifications.notifications.broadcastReceivers.KeepOnTopActionReceiver" />
169-->[:awesome_notifications] AndroidManifest.xml:43:9-124
169-->[:awesome_notifications] AndroidManifest.xml:43:19-121
170        <receiver android:name="me.carda.awesome_notifications.notifications.broadcastReceivers.RefreshNotificationBootReceiver" >
170-->[:awesome_notifications] AndroidManifest.xml:44:9-54:20
170-->[:awesome_notifications] AndroidManifest.xml:44:19-129
171            <intent-filter>
171-->[:awesome_notifications] AndroidManifest.xml:45:13-53:29
172                <category android:name="android.intent.category.DEFAULT" />
172-->[:awesome_notifications] AndroidManifest.xml:46:17-76
172-->[:awesome_notifications] AndroidManifest.xml:46:27-73
173
174                <action android:name="android.intent.action.BOOT_COMPLETED" />
174-->[:awesome_notifications] AndroidManifest.xml:48:17-79
174-->[:awesome_notifications] AndroidManifest.xml:48:25-76
175                <action android:name="android.intent.action.LOCKED_BOOT_COMPLETED" />
175-->[:awesome_notifications] AndroidManifest.xml:49:17-86
175-->[:awesome_notifications] AndroidManifest.xml:49:25-83
176                <action android:name="android.intent.action.MY_PACKAGE_REPLACED" />
176-->[:awesome_notifications] AndroidManifest.xml:50:17-84
176-->[:awesome_notifications] AndroidManifest.xml:50:25-81
177                <action android:name="android.intent.action.QUICKBOOT_POWERON" />
177-->[:awesome_notifications] AndroidManifest.xml:51:17-82
177-->[:awesome_notifications] AndroidManifest.xml:51:25-79
178                <action android:name="com.htc.intent.action.QUICKBOOT_POWERON" />
178-->[:awesome_notifications] AndroidManifest.xml:52:17-82
178-->[:awesome_notifications] AndroidManifest.xml:52:25-79
179            </intent-filter>
180        </receiver>
181        <receiver android:name="androidx.media.session.MediaButtonReceiver" >
181-->[:awesome_notifications] AndroidManifest.xml:55:9-59:20
181-->[:awesome_notifications] AndroidManifest.xml:55:19-76
182            <intent-filter>
182-->[:awesome_notifications] AndroidManifest.xml:56:13-58:29
183                <action android:name="android.intent.action.MEDIA_BUTTON" />
183-->[:awesome_notifications] AndroidManifest.xml:57:17-77
183-->[:awesome_notifications] AndroidManifest.xml:57:25-74
184            </intent-filter>
185        </receiver>
186
187        <activity
187-->[:url_launcher] AndroidManifest.xml:8:9-11:74
188            android:name="io.flutter.plugins.urllauncher.WebViewActivity"
188-->[:url_launcher] AndroidManifest.xml:9:13-74
189            android:exported="false"
189-->[:url_launcher] AndroidManifest.xml:10:13-37
190            android:theme="@android:style/Theme.NoTitleBar.Fullscreen" />
190-->[:url_launcher] AndroidManifest.xml:11:13-71
191
192        <receiver
192-->[com.google.firebase:firebase-messaging:22.0.0] AndroidManifest.xml:28:9-35:20
193            android:name="com.google.firebase.iid.FirebaseInstanceIdReceiver"
193-->[com.google.firebase:firebase-messaging:22.0.0] AndroidManifest.xml:29:13-78
194            android:exported="true"
194-->[com.google.firebase:firebase-messaging:22.0.0] AndroidManifest.xml:30:13-36
195            android:permission="com.google.android.c2dm.permission.SEND" >
195-->[com.google.firebase:firebase-messaging:22.0.0] AndroidManifest.xml:31:13-73
196            <intent-filter>
196-->[:firebase_messaging] AndroidManifest.xml:28:13-30:29
197                <action android:name="com.google.android.c2dm.intent.RECEIVE" />
197-->[:firebase_messaging] AndroidManifest.xml:29:17-81
197-->[:firebase_messaging] AndroidManifest.xml:29:25-78
198            </intent-filter>
199        </receiver>
200        <!--
201             FirebaseMessagingService performs security checks at runtime,
202             but set to not exported to explicitly avoid allowing another app to call it.
203        -->
204        <service
204-->[com.google.firebase:firebase-messaging:22.0.0] AndroidManifest.xml:41:9-48:19
205            android:name="com.google.firebase.messaging.FirebaseMessagingService"
205-->[com.google.firebase:firebase-messaging:22.0.0] AndroidManifest.xml:42:13-82
206            android:directBootAware="true"
206-->[com.google.firebase:firebase-messaging:22.0.0] AndroidManifest.xml:43:13-43
207            android:exported="false" >
207-->[com.google.firebase:firebase-messaging:22.0.0] AndroidManifest.xml:44:13-37
208            <intent-filter android:priority="-500" >
208-->[:firebase_messaging] AndroidManifest.xml:19:13-21:29
209                <action android:name="com.google.firebase.MESSAGING_EVENT" />
209-->[:firebase_messaging] AndroidManifest.xml:20:17-78
209-->[:firebase_messaging] AndroidManifest.xml:20:25-75
210            </intent-filter>
211        </service>
212        <service
212-->[com.google.android.datatransport:transport-backend-cct:3.0.0] AndroidManifest.xml:29:9-35:19
213            android:name="com.google.android.datatransport.runtime.backends.TransportBackendDiscovery"
213-->[com.google.android.datatransport:transport-backend-cct:3.0.0] AndroidManifest.xml:30:13-103
214            android:exported="false" >
214-->[com.google.android.datatransport:transport-backend-cct:3.0.0] AndroidManifest.xml:31:13-37
215            <meta-data
215-->[com.google.android.datatransport:transport-backend-cct:3.0.0] AndroidManifest.xml:32:13-34:39
216                android:name="backend:com.google.android.datatransport.cct.CctBackendFactory"
216-->[com.google.android.datatransport:transport-backend-cct:3.0.0] AndroidManifest.xml:33:17-94
217                android:value="cct" />
217-->[com.google.android.datatransport:transport-backend-cct:3.0.0] AndroidManifest.xml:34:17-36
218        </service>
219
220        <activity
220-->[com.google.firebase:firebase-auth:21.0.1] AndroidManifest.xml:27:9-44:20
221            android:name="com.google.firebase.auth.internal.GenericIdpActivity"
221-->[com.google.firebase:firebase-auth:21.0.1] AndroidManifest.xml:28:13-80
222            android:excludeFromRecents="true"
222-->[com.google.firebase:firebase-auth:21.0.1] AndroidManifest.xml:29:13-46
223            android:exported="true"
223-->[com.google.firebase:firebase-auth:21.0.1] AndroidManifest.xml:30:13-36
224            android:launchMode="singleTask"
224-->[com.google.firebase:firebase-auth:21.0.1] AndroidManifest.xml:31:13-44
225            android:theme="@android:style/Theme.Translucent.NoTitleBar" >
225-->[com.google.firebase:firebase-auth:21.0.1] AndroidManifest.xml:32:13-72
226            <intent-filter>
226-->[com.google.firebase:firebase-auth:21.0.1] AndroidManifest.xml:33:13-43:29
227                <action android:name="android.intent.action.VIEW" />
227-->src\main\AndroidManifest.xml:6:13-65
227-->src\main\AndroidManifest.xml:6:21-62
228
229                <category android:name="android.intent.category.DEFAULT" />
229-->[:awesome_notifications] AndroidManifest.xml:46:17-76
229-->[:awesome_notifications] AndroidManifest.xml:46:27-73
230                <category android:name="android.intent.category.BROWSABLE" />
230-->[com.google.firebase:firebase-auth:21.0.1] AndroidManifest.xml:37:17-78
230-->[com.google.firebase:firebase-auth:21.0.1] AndroidManifest.xml:37:27-75
231
232                <data
232-->src\main\AndroidManifest.xml:7:13-44
233                    android:host="firebase.auth"
234                    android:path="/"
235                    android:scheme="genericidp" />
235-->src\main\AndroidManifest.xml:7:19-41
236            </intent-filter>
237        </activity>
238        <activity
238-->[com.google.firebase:firebase-auth:21.0.1] AndroidManifest.xml:45:9-62:20
239            android:name="com.google.firebase.auth.internal.RecaptchaActivity"
239-->[com.google.firebase:firebase-auth:21.0.1] AndroidManifest.xml:46:13-79
240            android:excludeFromRecents="true"
240-->[com.google.firebase:firebase-auth:21.0.1] AndroidManifest.xml:47:13-46
241            android:exported="true"
241-->[com.google.firebase:firebase-auth:21.0.1] AndroidManifest.xml:48:13-36
242            android:launchMode="singleTask"
242-->[com.google.firebase:firebase-auth:21.0.1] AndroidManifest.xml:49:13-44
243            android:theme="@android:style/Theme.Translucent.NoTitleBar" >
243-->[com.google.firebase:firebase-auth:21.0.1] AndroidManifest.xml:50:13-72
244            <intent-filter>
244-->[com.google.firebase:firebase-auth:21.0.1] AndroidManifest.xml:51:13-61:29
245                <action android:name="android.intent.action.VIEW" />
245-->src\main\AndroidManifest.xml:6:13-65
245-->src\main\AndroidManifest.xml:6:21-62
246
247                <category android:name="android.intent.category.DEFAULT" />
247-->[:awesome_notifications] AndroidManifest.xml:46:17-76
247-->[:awesome_notifications] AndroidManifest.xml:46:27-73
248                <category android:name="android.intent.category.BROWSABLE" />
248-->[com.google.firebase:firebase-auth:21.0.1] AndroidManifest.xml:37:17-78
248-->[com.google.firebase:firebase-auth:21.0.1] AndroidManifest.xml:37:27-75
249
250                <data
250-->src\main\AndroidManifest.xml:7:13-44
251                    android:host="firebase.auth"
252                    android:path="/"
253                    android:scheme="recaptcha" />
253-->src\main\AndroidManifest.xml:7:19-41
254            </intent-filter>
255        </activity>
256
257        <service
257-->[com.google.firebase:firebase-auth:21.0.1] AndroidManifest.xml:64:9-73:19
258            android:name="com.google.firebase.auth.api.fallback.service.FirebaseAuthFallbackService"
258-->[com.google.firebase:firebase-auth:21.0.1] AndroidManifest.xml:65:13-101
259            android:enabled="true"
259-->[com.google.firebase:firebase-auth:21.0.1] AndroidManifest.xml:66:13-35
260            android:exported="false" >
260-->[com.google.firebase:firebase-auth:21.0.1] AndroidManifest.xml:67:13-37
261            <intent-filter>
261-->[com.google.firebase:firebase-auth:21.0.1] AndroidManifest.xml:68:13-72:29
262                <action android:name="com.google.firebase.auth.api.gms.service.START" />
262-->[com.google.firebase:firebase-auth:21.0.1] AndroidManifest.xml:69:17-89
262-->[com.google.firebase:firebase-auth:21.0.1] AndroidManifest.xml:69:25-86
263
264                <category android:name="android.intent.category.DEFAULT" />
264-->[:awesome_notifications] AndroidManifest.xml:46:17-76
264-->[:awesome_notifications] AndroidManifest.xml:46:27-73
265            </intent-filter>
266        </service>
267
268        <provider
268-->[com.google.firebase:firebase-common:20.0.0] AndroidManifest.xml:26:9-31:39
269            android:name="com.google.firebase.provider.FirebaseInitProvider"
269-->[com.google.firebase:firebase-common:20.0.0] AndroidManifest.xml:27:13-77
270            android:authorities="com.example.classrooms_tkmce.firebaseinitprovider"
270-->[com.google.firebase:firebase-common:20.0.0] AndroidManifest.xml:28:13-72
271            android:directBootAware="true"
271-->[com.google.firebase:firebase-common:20.0.0] AndroidManifest.xml:29:13-43
272            android:exported="false"
272-->[com.google.firebase:firebase-common:20.0.0] AndroidManifest.xml:30:13-37
273            android:initOrder="100" />
273-->[com.google.firebase:firebase-common:20.0.0] AndroidManifest.xml:31:13-36
274
275        <receiver
275-->[com.google.android.gms:play-services-measurement:19.0.0] AndroidManifest.xml:29:9-33:20
276            android:name="com.google.android.gms.measurement.AppMeasurementReceiver"
276-->[com.google.android.gms:play-services-measurement:19.0.0] AndroidManifest.xml:30:13-85
277            android:enabled="true"
277-->[com.google.android.gms:play-services-measurement:19.0.0] AndroidManifest.xml:31:13-35
278            android:exported="false" >
278-->[com.google.android.gms:play-services-measurement:19.0.0] AndroidManifest.xml:32:13-37
279        </receiver>
280
281        <service
281-->[com.google.android.gms:play-services-measurement:19.0.0] AndroidManifest.xml:35:9-38:40
282            android:name="com.google.android.gms.measurement.AppMeasurementService"
282-->[com.google.android.gms:play-services-measurement:19.0.0] AndroidManifest.xml:36:13-84
283            android:enabled="true"
283-->[com.google.android.gms:play-services-measurement:19.0.0] AndroidManifest.xml:37:13-35
284            android:exported="false" />
284-->[com.google.android.gms:play-services-measurement:19.0.0] AndroidManifest.xml:38:13-37
285        <service
285-->[com.google.android.gms:play-services-measurement:19.0.0] AndroidManifest.xml:39:9-43:72
286            android:name="com.google.android.gms.measurement.AppMeasurementJobService"
286-->[com.google.android.gms:play-services-measurement:19.0.0] AndroidManifest.xml:40:13-87
287            android:enabled="true"
287-->[com.google.android.gms:play-services-measurement:19.0.0] AndroidManifest.xml:41:13-35
288            android:exported="false"
288-->[com.google.android.gms:play-services-measurement:19.0.0] AndroidManifest.xml:42:13-37
289            android:permission="android.permission.BIND_JOB_SERVICE" />
289-->[com.google.android.gms:play-services-measurement:19.0.0] AndroidManifest.xml:43:13-69
290
291        <activity
291-->[com.google.android.gms:play-services-base:17.1.0] AndroidManifest.xml:23:9-26:75
292            android:name="com.google.android.gms.common.api.GoogleApiActivity"
292-->[com.google.android.gms:play-services-base:17.1.0] AndroidManifest.xml:24:13-79
293            android:exported="false"
293-->[com.google.android.gms:play-services-base:17.1.0] AndroidManifest.xml:25:13-37
294            android:theme="@android:style/Theme.Translucent.NoTitleBar" />
294-->[com.google.android.gms:play-services-base:17.1.0] AndroidManifest.xml:26:13-72
295
296        <meta-data
296-->[com.google.android.gms:play-services-basement:17.1.0] AndroidManifest.xml:23:9-25:69
297            android:name="com.google.android.gms.version"